time: 153723648310-08-03=>INFO: : taskinfo: : getsingertasklist: : 获得主播任务列表params: {
    "svid": 2,
    "uid": 80072440
}time: 153723648310-08-03=>INFO: : taskinfo: : getsingertasklist: : 获得主播任务列表uid: 80072440retparams: {
    "resCode": 200,
    "uid": 80072440,
    "data": [
        {
            "t_id": 1182238,
            "t_name": "5pyA54ix55m+5ZCI",
            "t_desc": "5pS25Yiw55m+5ZCINjDkuKo=",
            "t_type": 1,
            "t_dest_type": 7,
            "t_reward_img": "Lw==",
            "t_reward_num": 0,
            "t_status": 2,
            "t_finish_progress": 0,
            "t_total_progress": 60,
            "t_leaf_num": 3,
            "t_gift_url": "L2E0NjVkMWFmLWFhM2QtNDU2NS05MTU3LTlhMzJhM2IyNzMxYS5wbmc=",
            "t_sun_num": 1000,
            "debris_id": 9,
            "debris_revise": 0,
            "debris_num": 0,
            "leaf_id": 8,
            "leaf_revise": 0,
            "leaf_num": 3,
            "sun_id": 11,
            "sun_revise": 0,
            "sun_num": 1000,
            "gold_id": 10,
            "gold_revise": 0,
            "gold_num": 0
        },
        {
            "t_id": 1182239,
            "t_name": "5pyA54ix5qix5qGD",
            "t_desc": "5pS25Yiw5qix5qGDMTUw5Liq",
            "t_type": 1,
            "t_dest_type": 7,
            "t_reward_img": "Lw==",
            "t_reward_num": 0,
            "t_status": 2,
            "t_finish_progress": 0,
            "t_total_progress": 150,
            "t_leaf_num": 3,
            "t_gift_url": "LzEwZDM3NGM2LWM5MmMtNDBjOC1hODBjLTViOWUyY2UxZDI3Mi5wbmc=",
            "t_sun_num": 1000,
            "debris_id": 9,
            "debris_revise": 0,
            "debris_num": 0,
            "leaf_id": 8,
            "leaf_revise": 0,
            "leaf_num": 3,
            "sun_id": 11,
            "sun_revise": 0,
            "sun_num": 1000,
            "gold_id": 10,
            "gold_revise": 0,
            "gold_num": 0
        },
        {
            "t_id": 1182237,
            "t_name": "5pyA54ix5qOS5qOS57OW",
            "t_desc": "5pS25Yiw5qOS5qOS57OWMjUw5Liq",
            "t_type": 1,
            "t_dest_type": 7,
            "t_reward_img": "Lw==",
            "t_reward_num": 0,
            "t_status": 2,
            "t_finish_progress": 0,
            "t_total_progress": 250,
            "t_leaf_num": 3,
            "t_gift_url": "LzNlNTNhMjkzLWI2YWQtNDc3Yy04NTE5LTMzZTA3MzQ1YTFjMC5wbmc=",
            "t_sun_num": 1000,
            "debris_id": 9,
            "debris_revise": 0,
            "debris_num": 0,
            "leaf_id": 8,
            "leaf_revise": 0,
            "leaf_num": 3,
            "sun_id": 11,
            "sun_revise": 0,
            "sun_num": 1000,
            "gold_id": 10,
            "gold_revise": 0,
            "gold_num": 0
        }
    ],
    "leaf_total_num": 16,
    "leaf_top": 10
}time: 153725854916-15-49=>INFO: : taskinfo: : getsingertasklist: : 获得主播任务列表params: {
    "svid": 2,
    "uid": 80072440
}time: 153725854916-15-49=>INFO: : taskinfo: : getsingertasklist: : 获得主播任务列表uid: 80072440retparams: {
    "resCode": 200,
    "uid": 80072440,
    "data": [
        {
            "t_id": 1182239,
            "t_name": "5pyA54ix5qix5qGD",
            "t_desc": "5pS25Yiw5qix5qGDMTUw5Liq",
            "t_type": 1,
            "t_dest_type": 7,
            "t_reward_img": "Lw==",
            "t_reward_num": 0,
            "t_status": 2,
            "t_finish_progress": 0,
            "t_total_progress": 150,
            "t_leaf_num": 3,
            "t_gift_url": "LzEwZDM3NGM2LWM5MmMtNDBjOC1hODBjLTViOWUyY2UxZDI3Mi5wbmc=",
            "t_sun_num": 1000,
            "debris_id": 9,
            "debris_revise": 0,
            "debris_num": 0,
            "leaf_id": 8,
            "leaf_revise": 0,
            "leaf_num": 3,
            "sun_id": 11,
            "sun_revise": 0,
            "sun_num": 1000,
            "gold_id": 10,
            "gold_revise": 0,
            "gold_num": 0
        },
        {
            "t_id": 1182237,
            "t_name": "5pyA54ix5qOS5qOS57OW",
            "t_desc": "5pS25Yiw5qOS5qOS57OWMjUw5Liq",
            "t_type": 1,
            "t_dest_type": 7,
            "t_reward_img": "Lw==",
            "t_reward_num": 0,
            "t_status": 2,
            "t_finish_progress": 0,
            "t_total_progress": 250,
            "t_leaf_num": 3,
            "t_gift_url": "LzNlNTNhMjkzLWI2YWQtNDc3Yy04NTE5LTMzZTA3MzQ1YTFjMC5wbmc=",
            "t_sun_num": 1000,
            "debris_id": 9,
            "debris_revise": 0,
            "debris_num": 0,
            "leaf_id": 8,
            "leaf_revise": 0,
            "leaf_num": 3,
            "sun_id": 11,
            "sun_revise": 0,
            "sun_num": 1000,
            "gold_id": 10,
            "gold_revise": 0,
            "gold_num": 0
        },
        {
            "t_id": 1182238,
            "t_name": "5pyA54ix55m+5ZCI",
            "t_desc": "5pS25Yiw55m+5ZCINjDkuKo=",
            "t_type": 1,
            "t_dest_type": 7,
            "t_reward_img": "Lw==",
            "t_reward_num": 0,
            "t_status": 2,
            "t_finish_progress": 0,
            "t_total_progress": 60,
            "t_leaf_num": 3,
            "t_gift_url": "L2E0NjVkMWFmLWFhM2QtNDU2NS05MTU3LTlhMzJhM2IyNzMxYS5wbmc=",
            "t_sun_num": 1000,
            "debris_id": 9,
            "debris_revise": 0,
            "debris_num": 0,
            "leaf_id": 8,
            "leaf_revise": 0,
            "leaf_num": 3,
            "sun_id": 11,
            "sun_revise": 0,
            "sun_num": 1000,
            "gold_id": 10,
            "gold_revise": 0,
            "gold_num": 0
        }
    ],
    "leaf_total_num": 16,
    "leaf_top": 10
}time: 153725875616-19-16=>INFO: : taskinfo: : getsingertasklist: : 获得主播任务列表params: {
    "svid": 2,
    "uid": 80072440
}time: 153725875616-19-16=>INFO: : taskinfo: : getsingertasklist: : 获得主播任务列表uid: 80072440retparams: {
    "resCode": 200,
    "uid": 80072440,
    "data": [
        {
            "t_id": 1182238,
            "t_name": "5pyA54ix55m+5ZCI",
            "t_desc": "5pS25Yiw55m+5ZCINjDkuKo=",
            "t_type": 1,
            "t_dest_type": 7,
            "t_reward_img": "Lw==",
            "t_reward_num": 0,
            "t_status": 2,
            "t_finish_progress": 0,
            "t_total_progress": 60,
            "t_leaf_num": 3,
            "t_gift_url": "L2E0NjVkMWFmLWFhM2QtNDU2NS05MTU3LTlhMzJhM2IyNzMxYS5wbmc=",
            "t_sun_num": 1000,
            "debris_id": 9,
            "debris_revise": 0,
            "debris_num": 0,
            "leaf_id": 8,
            "leaf_revise": 0,
            "leaf_num": 3,
            "sun_id": 11,
            "sun_revise": 0,
            "sun_num": 1000,
            "gold_id": 10,
            "gold_revise": 0,
            "gold_num": 0
        },
        {
            "t_id": 1182239,
            "t_name": "5pyA54ix5qix5qGD",
            "t_desc": "5pS25Yiw5qix5qGDMTUw5Liq",
            "t_type": 1,
            "t_dest_type": 7,
            "t_reward_img": "Lw==",
            "t_reward_num": 0,
            "t_status": 3,
            "t_finish_progress": 102,
            "t_total_progress": 150,
            "t_leaf_num": 3,
            "t_gift_url": "LzEwZDM3NGM2LWM5MmMtNDBjOC1hODBjLTViOWUyY2UxZDI3Mi5wbmc=",
            "t_sun_num": 1000,
            "debris_id": 9,
            "debris_revise": 0,
            "debris_num": 0,
            "leaf_id": 8,
            "leaf_revise": 0,
            "leaf_num": 3,
            "sun_id": 11,
            "sun_revise": 0,
            "sun_num": 1000,
            "gold_id": 10,
            "gold_revise": 0,
            "gold_num": 0
        },
        {
            "t_id": 1182237,
            "t_name": "5pyA54ix5qOS5qOS57OW",
            "t_desc": "5pS25Yiw5qOS5qOS57OWMjUw5Liq",
            "t_type": 1,
            "t_dest_type": 7,
            "t_reward_img": "Lw==",
            "t_reward_num": 0,
            "t_status": 2,
            "t_finish_progress": 0,
            "t_total_progress": 250,
            "t_leaf_num": 3,
            "t_gift_url": "LzNlNTNhMjkzLWI2YWQtNDc3Yy04NTE5LTMzZTA3MzQ1YTFjMC5wbmc=",
            "t_sun_num": 1000,
            "debris_id": 9,
            "debris_revise": 0,
            "debris_num": 0,
            "leaf_id": 8,
            "leaf_revise": 0,
            "leaf_num": 3,
            "sun_id": 11,
            "sun_revise": 0,
            "sun_num": 1000,
            "gold_id": 10,
            "gold_revise": 0,
            "gold_num": 0
        }
    ],
    "leaf_total_num": 16,
    "leaf_top": 10
}time: 153725960616-33-26=>INFO: : taskinfo: : getsingertasklist: : 获得主播任务列表params: {
    "svid": 2,
    "uid": 80072440
}time: 153725960616-33-26=>INFO: : taskinfo: : getsingertasklist: : 获得主播任务列表uid: 80072440retparams: {
    "resCode": 200,
    "uid": 80072440,
    "data": [
        {
            "t_id": 1182239,
            "t_name": "5pyA54ix5qix5qGD",
            "t_desc": "5pS25Yiw5qix5qGDMTUw5Liq",
            "t_type": 1,
            "t_dest_type": 7,
            "t_reward_img": "Lw==",
            "t_reward_num": 0,
            "t_status": 3,
            "t_finish_progress": 102,
            "t_total_progress": 150,
            "t_leaf_num": 3,
            "t_gift_url": "LzEwZDM3NGM2LWM5MmMtNDBjOC1hODBjLTViOWUyY2UxZDI3Mi5wbmc=",
            "t_sun_num": 1000,
            "debris_id": 9,
            "debris_revise": 0,
            "debris_num": 0,
            "leaf_id": 8,
            "leaf_revise": 0,
            "leaf_num": 3,
            "sun_id": 11,
            "sun_revise": 0,
            "sun_num": 1000,
            "gold_id": 10,
            "gold_revise": 0,
            "gold_num": 0
        },
        {
            "t_id": 1182237,
            "t_name": "5pyA54ix5qOS5qOS57OW",
            "t_desc": "5pS25Yiw5qOS5qOS57OWMjUw5Liq",
            "t_type": 1,
            "t_dest_type": 7,
            "t_reward_img": "Lw==",
            "t_reward_num": 0,
            "t_status": 2,
            "t_finish_progress": 0,
            "t_total_progress": 250,
            "t_leaf_num": 3,
            "t_gift_url": "LzNlNTNhMjkzLWI2YWQtNDc3Yy04NTE5LTMzZTA3MzQ1YTFjMC5wbmc=",
            "t_sun_num": 1000,
            "debris_id": 9,
            "debris_revise": 0,
            "debris_num": 0,
            "leaf_id": 8,
            "leaf_revise": 0,
            "leaf_num": 3,
            "sun_id": 11,
            "sun_revise": 0,
            "sun_num": 1000,
            "gold_id": 10,
            "gold_revise": 0,
            "gold_num": 0
        },
        {
            "t_id": 1182238,
            "t_name": "5pyA54ix55m+5ZCI",
            "t_desc": "5pS25Yiw55m+5ZCINjDkuKo=",
            "t_type": 1,
            "t_dest_type": 7,
            "t_reward_img": "Lw==",
            "t_reward_num": 0,
            "t_status": 2,
            "t_finish_progress": 0,
            "t_total_progress": 60,
            "t_leaf_num": 3,
            "t_gift_url": "L2E0NjVkMWFmLWFhM2QtNDU2NS05MTU3LTlhMzJhM2IyNzMxYS5wbmc=",
            "t_sun_num": 1000,
            "debris_id": 9,
            "debris_revise": 0,
            "debris_num": 0,
            "leaf_id": 8,
            "leaf_revise": 0,
            "leaf_num": 3,
            "sun_id": 11,
            "sun_revise": 0,
            "sun_num": 1000,
            "gold_id": 10,
            "gold_revise": 0,
            "gold_num": 0
        }
    ],
    "leaf_total_num": 16,
    "leaf_top": 10
}time: 153726427717-51-17=>INFO: : taskinfo: : getsingertasklist: : 获得主播任务列表params: {
    "svid": 2,
    "uid": 80072440
}time: 153726427717-51-17=>INFO: : taskinfo: : getsingertasklist: : 获得主播任务列表uid: 80072440retparams: {
    "resCode": 200,
    "uid": 80072440,
    "data": [
        {
            "t_id": 1182238,
            "t_name": "5pyA54ix55m+5ZCI",
            "t_desc": "5pS25Yiw55m+5ZCINjDkuKo=",
            "t_type": 1,
            "t_dest_type": 7,
            "t_reward_img": "Lw==",
            "t_reward_num": 0,
            "t_status": 2,
            "t_finish_progress": 0,
            "t_total_progress": 60,
            "t_leaf_num": 3,
            "t_gift_url": "L2E0NjVkMWFmLWFhM2QtNDU2NS05MTU3LTlhMzJhM2IyNzMxYS5wbmc=",
            "t_sun_num": 1000,
            "debris_id": 9,
            "debris_revise": 0,
            "debris_num": 0,
            "leaf_id": 8,
            "leaf_revise": 0,
            "leaf_num": 3,
            "sun_id": 11,
            "sun_revise": 0,
            "sun_num": 1000,
            "gold_id": 10,
            "gold_revise": 0,
            "gold_num": 0
        },
        {
            "t_id": 1182239,
            "t_name": "5pyA54ix5qix5qGD",
            "t_desc": "5pS25Yiw5qix5qGDMTUw5Liq",
            "t_type": 1,
            "t_dest_type": 7,
            "t_reward_img": "Lw==",
            "t_reward_num": 0,
            "t_status": 3,
            "t_finish_progress": 128,
            "t_total_progress": 150,
            "t_leaf_num": 3,
            "t_gift_url": "LzEwZDM3NGM2LWM5MmMtNDBjOC1hODBjLTViOWUyY2UxZDI3Mi5wbmc=",
            "t_sun_num": 1000,
            "debris_id": 9,
            "debris_revise": 0,
            "debris_num": 0,
            "leaf_id": 8,
            "leaf_revise": 0,
            "leaf_num": 3,
            "sun_id": 11,
            "sun_revise": 0,
            "sun_num": 1000,
            "gold_id": 10,
            "gold_revise": 0,
            "gold_num": 0
        },
        {
            "t_id": 1182237,
            "t_name": "5pyA54ix5qOS5qOS57OW",
            "t_desc": "5pS25Yiw5qOS5qOS57OWMjUw5Liq",
            "t_type": 1,
            "t_dest_type": 7,
            "t_reward_img": "Lw==",
            "t_reward_num": 0,
            "t_status": 2,
            "t_finish_progress": 0,
            "t_total_progress": 250,
            "t_leaf_num": 3,
            "t_gift_url": "LzNlNTNhMjkzLWI2YWQtNDc3Yy04NTE5LTMzZTA3MzQ1YTFjMC5wbmc=",
            "t_sun_num": 1000,
            "debris_id": 9,
            "debris_revise": 0,
            "debris_num": 0,
            "leaf_id": 8,
            "leaf_revise": 0,
            "leaf_num": 3,
            "sun_id": 11,
            "sun_revise": 0,
            "sun_num": 1000,
            "gold_id": 10,
            "gold_revise": 0,
            "gold_num": 0
        }
    ],
    "leaf_total_num": 16,
    "leaf_top": 10
}time: 153726430917-51-49=>INFO: : taskinfo: : getsingertasklist: : 获得主播任务列表params: {
    "svid": 2,
    "uid": 80072440
}time: 153726430917-51-49=>INFO: : taskinfo: : getsingertasklist: : 获得主播任务列表uid: 80072440retparams: {
    "resCode": 200,
    "uid": 80072440,
    "data": [
        {
            "t_id": 1182239,
            "t_name": "5pyA54ix5qix5qGD",
            "t_desc": "5pS25Yiw5qix5qGDMTUw5Liq",
            "t_type": 1,
            "t_dest_type": 7,
            "t_reward_img": "Lw==",
            "t_reward_num": 0,
            "t_status": 3,
            "t_finish_progress": 128,
            "t_total_progress": 150,
            "t_leaf_num": 3,
            "t_gift_url": "LzEwZDM3NGM2LWM5MmMtNDBjOC1hODBjLTViOWUyY2UxZDI3Mi5wbmc=",
            "t_sun_num": 1000,
            "debris_id": 9,
            "debris_revise": 0,
            "debris_num": 0,
            "leaf_id": 8,
            "leaf_revise": 0,
            "leaf_num": 3,
            "sun_id": 11,
            "sun_revise": 0,
            "sun_num": 1000,
            "gold_id": 10,
            "gold_revise": 0,
            "gold_num": 0
        },
        {
            "t_id": 1182237,
            "t_name": "5pyA54ix5qOS5qOS57OW",
            "t_desc": "5pS25Yiw5qOS5qOS57OWMjUw5Liq",
            "t_type": 1,
            "t_dest_type": 7,
            "t_reward_img": "Lw==",
            "t_reward_num": 0,
            "t_status": 2,
            "t_finish_progress": 0,
            "t_total_progress": 250,
            "t_leaf_num": 3,
            "t_gift_url": "LzNlNTNhMjkzLWI2YWQtNDc3Yy04NTE5LTMzZTA3MzQ1YTFjMC5wbmc=",
            "t_sun_num": 1000,
            "debris_id": 9,
            "debris_revise": 0,
            "debris_num": 0,
            "leaf_id": 8,
            "leaf_revise": 0,
            "leaf_num": 3,
            "sun_id": 11,
            "sun_revise": 0,
            "sun_num": 1000,
            "gold_id": 10,
            "gold_revise": 0,
            "gold_num": 0
        },
        {
            "t_id": 1182238,
            "t_name": "5pyA54ix55m+5ZCI",
            "t_desc": "5pS25Yiw55m+5ZCINjDkuKo=",
            "t_type": 1,
            "t_dest_type": 7,
            "t_reward_img": "Lw==",
            "t_reward_num": 0,
            "t_status": 2,
            "t_finish_progress": 0,
            "t_total_progress": 60,
            "t_leaf_num": 3,
            "t_gift_url": "L2E0NjVkMWFmLWFhM2QtNDU2NS05MTU3LTlhMzJhM2IyNzMxYS5wbmc=",
            "t_sun_num": 1000,
            "debris_id": 9,
            "debris_revise": 0,
            "debris_num": 0,
            "leaf_id": 8,
            "leaf_revise": 0,
            "leaf_num": 3,
            "sun_id": 11,
            "sun_revise": 0,
            "sun_num": 1000,
            "gold_id": 10,
            "gold_revise": 0,
            "gold_num": 0
        }
    ],
    "leaf_total_num": 16,
    "leaf_top": 10
}time: 153726431517-51-55=>INFO: : taskinfo: : getsingertasklist: : 获得主播任务列表params: {
    "svid": 2,
    "uid": 80072440
}time: 153726431517-51-55=>INFO: : taskinfo: : getsingertasklist: : 获得主播任务列表uid: 80072440retparams: {
    "resCode": 200,
    "uid": 80072440,
    "data": [
        {
            "t_id": 1182239,
            "t_name": "5pyA54ix5qix5qGD",
            "t_desc": "5pS25Yiw5qix5qGDMTUw5Liq",
            "t_type": 1,
            "t_dest_type": 7,
            "t_reward_img": "Lw==",
            "t_reward_num": 0,
            "t_status": 3,
            "t_finish_progress": 128,
            "t_total_progress": 150,
            "t_leaf_num": 3,
            "t_gift_url": "LzEwZDM3NGM2LWM5MmMtNDBjOC1hODBjLTViOWUyY2UxZDI3Mi5wbmc=",
            "t_sun_num": 1000,
            "debris_id": 9,
            "debris_revise": 0,
            "debris_num": 0,
            "leaf_id": 8,
            "leaf_revise": 0,
            "leaf_num": 3,
            "sun_id": 11,
            "sun_revise": 0,
            "sun_num": 1000,
            "gold_id": 10,
            "gold_revise": 0,
            "gold_num": 0
        },
        {
            "t_id": 1182237,
            "t_name": "5pyA54ix5qOS5qOS57OW",
            "t_desc": "5pS25Yiw5qOS5qOS57OWMjUw5Liq",
            "t_type": 1,
            "t_dest_type": 7,
            "t_reward_img": "Lw==",
            "t_reward_num": 0,
            "t_status": 2,
            "t_finish_progress": 0,
            "t_total_progress": 250,
            "t_leaf_num": 3,
            "t_gift_url": "LzNlNTNhMjkzLWI2YWQtNDc3Yy04NTE5LTMzZTA3MzQ1YTFjMC5wbmc=",
            "t_sun_num": 1000,
            "debris_id": 9,
            "debris_revise": 0,
            "debris_num": 0,
            "leaf_id": 8,
            "leaf_revise": 0,
            "leaf_num": 3,
            "sun_id": 11,
            "sun_revise": 0,
            "sun_num": 1000,
            "gold_id": 10,
            "gold_revise": 0,
            "gold_num": 0
        },
        {
            "t_id": 1182238,
            "t_name": "5pyA54ix55m+5ZCI",
            "t_desc": "5pS25Yiw55m+5ZCINjDkuKo=",
            "t_type": 1,
            "t_dest_type": 7,
            "t_reward_img": "Lw==",
            "t_reward_num": 0,
            "t_status": 2,
            "t_finish_progress": 0,
            "t_total_progress": 60,
            "t_leaf_num": 3,
            "t_gift_url": "L2E0NjVkMWFmLWFhM2QtNDU2NS05MTU3LTlhMzJhM2IyNzMxYS5wbmc=",
            "t_sun_num": 1000,
            "debris_id": 9,
            "debris_revise": 0,
            "debris_num": 0,
            "leaf_id": 8,
            "leaf_revise": 0,
            "leaf_num": 3,
            "sun_id": 11,
            "sun_revise": 0,
            "sun_num": 1000,
            "gold_id": 10,
            "gold_revise": 0,
            "gold_num": 0
        }
    ],
    "leaf_total_num": 16,
    "leaf_top": 10
}time: 153726453417-55-34=>INFO: : taskinfo: : getsingertasklist: : 获得主播任务列表params: {
    "svid": 2,
    "uid": 80072440
}time: 153726453417-55-34=>INFO: : taskinfo: : getsingertasklist: : 获得主播任务列表uid: 80072440retparams: {
    "resCode": 200,
    "uid": 80072440,
    "data": [
        {
            "t_id": 1182238,
            "t_name": "5pyA54ix55m+5ZCI",
            "t_desc": "5pS25Yiw55m+5ZCINjDkuKo=",
            "t_type": 1,
            "t_dest_type": 7,
            "t_reward_img": "Lw==",
            "t_reward_num": 0,
            "t_status": 2,
            "t_finish_progress": 0,
            "t_total_progress": 60,
            "t_leaf_num": 3,
            "t_gift_url": "L2E0NjVkMWFmLWFhM2QtNDU2NS05MTU3LTlhMzJhM2IyNzMxYS5wbmc=",
            "t_sun_num": 1000,
            "debris_id": 9,
            "debris_revise": 0,
            "debris_num": 0,
            "leaf_id": 8,
            "leaf_revise": 0,
            "leaf_num": 3,
            "sun_id": 11,
            "sun_revise": 0,
            "sun_num": 1000,
            "gold_id": 10,
            "gold_revise": 0,
            "gold_num": 0
        },
        {
            "t_id": 1182239,
            "t_name": "5pyA54ix5qix5qGD",
            "t_desc": "5pS25Yiw5qix5qGDMTUw5Liq",
            "t_type": 1,
            "t_dest_type": 7,
            "t_reward_img": "Lw==",
            "t_reward_num": 0,
            "t_status": 3,
            "t_finish_progress": 128,
            "t_total_progress": 150,
            "t_leaf_num": 3,
            "t_gift_url": "LzEwZDM3NGM2LWM5MmMtNDBjOC1hODBjLTViOWUyY2UxZDI3Mi5wbmc=",
            "t_sun_num": 1000,
            "debris_id": 9,
            "debris_revise": 0,
            "debris_num": 0,
            "leaf_id": 8,
            "leaf_revise": 0,
            "leaf_num": 3,
            "sun_id": 11,
            "sun_revise": 0,
            "sun_num": 1000,
            "gold_id": 10,
            "gold_revise": 0,
            "gold_num": 0
        },
        {
            "t_id": 1182237,
            "t_name": "5pyA54ix5qOS5qOS57OW",
            "t_desc": "5pS25Yiw5qOS5qOS57OWMjUw5Liq",
            "t_type": 1,
            "t_dest_type": 7,
            "t_reward_img": "Lw==",
            "t_reward_num": 0,
            "t_status": 2,
            "t_finish_progress": 0,
            "t_total_progress": 250,
            "t_leaf_num": 3,
            "t_gift_url": "LzNlNTNhMjkzLWI2YWQtNDc3Yy04NTE5LTMzZTA3MzQ1YTFjMC5wbmc=",
            "t_sun_num": 1000,
            "debris_id": 9,
            "debris_revise": 0,
            "debris_num": 0,
            "leaf_id": 8,
            "leaf_revise": 0,
            "leaf_num": 3,
            "sun_id": 11,
            "sun_revise": 0,
            "sun_num": 1000,
            "gold_id": 10,
            "gold_revise": 0,
            "gold_num": 0
        }
    ],
    "leaf_total_num": 16,
    "leaf_top": 10
}time: 153726466417-57-44=>INFO: : taskinfo: : getsingertasklist: : 获得主播任务列表params: {
    "svid": 2,
    "uid": 80072440
}time: 153726466417-57-44=>INFO: : taskinfo: : getsingertasklist: : 获得主播任务列表uid: 80072440retparams: {
    "resCode": 200,
    "uid": 80072440,
    "data": [
        {
            "t_id": 1182239,
            "t_name": "5pyA54ix5qix5qGD",
            "t_desc": "5pS25Yiw5qix5qGDMTUw5Liq",
            "t_type": 1,
            "t_dest_type": 7,
            "t_reward_img": "Lw==",
            "t_reward_num": 0,
            "t_status": 3,
            "t_finish_progress": 128,
            "t_total_progress": 150,
            "t_leaf_num": 3,
            "t_gift_url": "LzEwZDM3NGM2LWM5MmMtNDBjOC1hODBjLTViOWUyY2UxZDI3Mi5wbmc=",
            "t_sun_num": 1000,
            "debris_id": 9,
            "debris_revise": 0,
            "debris_num": 0,
            "leaf_id": 8,
            "leaf_revise": 0,
            "leaf_num": 3,
            "sun_id": 11,
            "sun_revise": 0,
            "sun_num": 1000,
            "gold_id": 10,
            "gold_revise": 0,
            "gold_num": 0
        },
        {
            "t_id": 1182237,
            "t_name": "5pyA54ix5qOS5qOS57OW",
            "t_desc": "5pS25Yiw5qOS5qOS57OWMjUw5Liq",
            "t_type": 1,
            "t_dest_type": 7,
            "t_reward_img": "Lw==",
            "t_reward_num": 0,
            "t_status": 2,
            "t_finish_progress": 0,
            "t_total_progress": 250,
            "t_leaf_num": 3,
            "t_gift_url": "LzNlNTNhMjkzLWI2YWQtNDc3Yy04NTE5LTMzZTA3MzQ1YTFjMC5wbmc=",
            "t_sun_num": 1000,
            "debris_id": 9,
            "debris_revise": 0,
            "debris_num": 0,
            "leaf_id": 8,
            "leaf_revise": 0,
            "leaf_num": 3,
            "sun_id": 11,
            "sun_revise": 0,
            "sun_num": 1000,
            "gold_id": 10,
            "gold_revise": 0,
            "gold_num": 0
        },
        {
            "t_id": 1182238,
            "t_name": "5pyA54ix55m+5ZCI",
            "t_desc": "5pS25Yiw55m+5ZCINjDkuKo=",
            "t_type": 1,
            "t_dest_type": 7,
            "t_reward_img": "Lw==",
            "t_reward_num": 0,
            "t_status": 2,
            "t_finish_progress": 0,
            "t_total_progress": 60,
            "t_leaf_num": 3,
            "t_gift_url": "L2E0NjVkMWFmLWFhM2QtNDU2NS05MTU3LTlhMzJhM2IyNzMxYS5wbmc=",
            "t_sun_num": 1000,
            "debris_id": 9,
            "debris_revise": 0,
            "debris_num": 0,
            "leaf_id": 8,
            "leaf_revise": 0,
            "leaf_num": 3,
            "sun_id": 11,
            "sun_revise": 0,
            "sun_num": 1000,
            "gold_id": 10,
            "gold_revise": 0,
            "gold_num": 0
        }
    ],
    "leaf_total_num": 16,
    "leaf_top": 10
}time: 153726466717-57-47=>INFO: : taskinfo: : getsingertasklist: : 获得主播任务列表params: {
    "svid": 2,
    "uid": 80072440
}time: 153726466717-57-47=>INFO: : taskinfo: : getsingertasklist: : 获得主播任务列表uid: 80072440retparams: {
    "resCode": 200,
    "uid": 80072440,
    "data": [
        {
            "t_id": 1182238,
            "t_name": "5pyA54ix55m+5ZCI",
            "t_desc": "5pS25Yiw55m+5ZCINjDkuKo=",
            "t_type": 1,
            "t_dest_type": 7,
            "t_reward_img": "Lw==",
            "t_reward_num": 0,
            "t_status": 2,
            "t_finish_progress": 0,
            "t_total_progress": 60,
            "t_leaf_num": 3,
            "t_gift_url": "L2E0NjVkMWFmLWFhM2QtNDU2NS05MTU3LTlhMzJhM2IyNzMxYS5wbmc=",
            "t_sun_num": 1000,
            "debris_id": 9,
            "debris_revise": 0,
            "debris_num": 0,
            "leaf_id": 8,
            "leaf_revise": 0,
            "leaf_num": 3,
            "sun_id": 11,
            "sun_revise": 0,
            "sun_num": 1000,
            "gold_id": 10,
            "gold_revise": 0,
            "gold_num": 0
        },
        {
            "t_id": 1182239,
            "t_name": "5pyA54ix5qix5qGD",
            "t_desc": "5pS25Yiw5qix5qGDMTUw5Liq",
            "t_type": 1,
            "t_dest_type": 7,
            "t_reward_img": "Lw==",
            "t_reward_num": 0,
            "t_status": 3,
            "t_finish_progress": 128,
            "t_total_progress": 150,
            "t_leaf_num": 3,
            "t_gift_url": "LzEwZDM3NGM2LWM5MmMtNDBjOC1hODBjLTViOWUyY2UxZDI3Mi5wbmc=",
            "t_sun_num": 1000,
            "debris_id": 9,
            "debris_revise": 0,
            "debris_num": 0,
            "leaf_id": 8,
            "leaf_revise": 0,
            "leaf_num": 3,
            "sun_id": 11,
            "sun_revise": 0,
            "sun_num": 1000,
            "gold_id": 10,
            "gold_revise": 0,
            "gold_num": 0
        },
        {
            "t_id": 1182237,
            "t_name": "5pyA54ix5qOS5qOS57OW",
            "t_desc": "5pS25Yiw5qOS5qOS57OWMjUw5Liq",
            "t_type": 1,
            "t_dest_type": 7,
            "t_reward_img": "Lw==",
            "t_reward_num": 0,
            "t_status": 2,
            "t_finish_progress": 0,
            "t_total_progress": 250,
            "t_leaf_num": 3,
            "t_gift_url": "LzNlNTNhMjkzLWI2YWQtNDc3Yy04NTE5LTMzZTA3MzQ1YTFjMC5wbmc=",
            "t_sun_num": 1000,
            "debris_id": 9,
            "debris_revise": 0,
            "debris_num": 0,
            "leaf_id": 8,
            "leaf_revise": 0,
            "leaf_num": 3,
            "sun_id": 11,
            "sun_revise": 0,
            "sun_num": 1000,
            "gold_id": 10,
            "gold_revise": 0,
            "gold_num": 0
        }
    ],
    "leaf_total_num": 16,
    "leaf_top": 10
}